[17:26:06] [main/INFO]: Loading Minecraft 1.21.4 with Fabric Loader 0.16.10
[17:26:06] [ForkJoinPool-1-worker-7/WARN]: Mod mr_vanilla_refresh uses the version 1.4.26e which isn't compatible with Loader's extended semantic version format (Could not parse version number component '26e'!), SemVer is recommended for reliably evaluating dependencies and prioritizing newer version
[17:26:06] [main/WARN]: Warnings were found!
 - Mod 'BetterF3' (betterf3) 13.0.0 recommends version 13.0.0 or later of modmenu, which is missing!
	 - You should install version 13.0.0 or later of modmenu for the optimal experience.
 - Mod 'Dynamic FPS' (dynamic_fps) 3.8.0 recommends any version of modmenu, which is missing!
	 - You should install any version of modmenu for the optimal experience.
[17:26:06] [main/INFO]: Loading 76 mods:
	- architectury 15.0.3
	- balm-fabric 21.4.17
	   \-- kuma_api 21.4.5
	- betterf3 13.0.0
	- cloth-config 17.0.144
	   \-- cloth-basic-math 0.6.1
	- clumps 22.0.0.1
	- dynamic_fps 3.8.0
	   \-- net_lostluma_battery 1.3.0
	- fabric-api 0.118.0+1.21.4
	   |-- fabric-api-base 0.4.54+b47eab6b04
	   |-- fabric-api-lookup-api-v1 1.6.86+b1caf1e904
	   |-- fabric-biome-api-v1 15.0.6+b1c29d8e04
	   |-- fabric-block-api-v1 1.0.31+7feeb73304
	   |-- fabric-block-view-api-v2 1.0.19+7feeb73304
	   |-- fabric-blockrenderlayer-v1 2.0.8+7feeb73304
	   |-- fabric-client-tags-api-v1 1.1.29+20ea1e2304
	   |-- fabric-command-api-v1 1.2.62+f71b366f04
	   |-- fabric-command-api-v2 2.2.41+e496eb1504
	   |-- fabric-commands-v0 0.2.79+df3654b304
	   |-- fabric-content-registries-v0 9.1.19+25d1a67604
	   |-- fabric-convention-tags-v1 2.1.17+7f945d5b04
	   |-- fabric-convention-tags-v2 2.13.0+360374ac04
	   |-- fabric-crash-report-info-v1 0.3.6+7feeb73304
	   |-- fabric-data-attachment-api-v1 1.6.0+4e7c604904
	   |-- fabric-data-generation-api-v1 22.2.12+60b6f1b704
	   |-- fabric-dimensions-v1 4.0.10+7feeb73304
	   |-- fabric-entity-events-v1 2.0.14+da99546b04
	   |-- fabric-events-interaction-v0 4.0.3+a4eebcf004
	   |-- fabric-game-rule-api-v1 1.0.63+7d48d43904
	   |-- fabric-item-api-v1 11.3.0+ee91fa1f04
	   |-- fabric-item-group-api-v1 4.2.2+fcb9601404
	   |-- fabric-key-binding-api-v1 1.0.57+7d48d43904
	   |-- fabric-keybindings-v0 0.2.55+df3654b304
	   |-- fabric-lifecycle-events-v1 2.5.4+bf2a60eb04
	   |-- fabric-loot-api-v2 3.0.38+3f89f5a504
	   |-- fabric-loot-api-v3 1.0.26+203e6b2304
	   |-- fabric-message-api-v1 6.0.25+7feeb73304
	   |-- fabric-model-loading-api-v1 4.3.0+ae23723504
	   |-- fabric-networking-api-v1 4.3.10+8998135104
	   |-- fabric-object-builder-api-v1 18.0.13+7d48d43904
	   |-- fabric-particles-v1 4.0.14+7feeb73304
	   |-- fabric-recipe-api-v1 8.1.0+640e77ae04
	   |-- fabric-registry-sync-v0 6.1.9+360374ac04
	   |-- fabric-renderer-api-v1 5.0.3+50f0feb204
	   |-- fabric-renderer-indigo 2.0.3+50f0feb204
	   |-- fabric-rendering-data-attachment-v1 0.3.57+73761d2e04
	   |-- fabric-rendering-fluids-v1 3.1.19+7feeb73304
	   |-- fabric-rendering-v1 10.2.1+0d31b09f04
	   |-- fabric-resource-conditions-api-v1 5.0.13+203e6b2304
	   |-- fabric-resource-loader-v0 3.1.1+360374ac04
	   |-- fabric-screen-api-v1 2.0.38+7feeb73304
	   |-- fabric-screen-handler-api-v1 1.3.116+7feeb73304
	   |-- fabric-sound-api-v1 1.0.32+7feeb73304
	   |-- fabric-tag-api-v1 1.0.7+7d48d43904
	   |-- fabric-transfer-api-v1 5.4.9+efa825c904
	   \-- fabric-transitive-access-wideners-v1 6.3.2+56e78b9b04
	- fabricloader 0.16.10
	   \-- mixinextras 0.4.1
	- ferritecore 7.1.1
	- iris 1.8.8+mc1.21.4
	   |-- io_github_douira_glsl-transformer 2.0.1
	   |-- org_anarres_jcpp 1.4.14
	   \-- org_antlr_antlr4-runtime 4.13.1
	- java 21
	- minecraft 1.21.4
	- mr_vanilla_refresh 1.4.26e
	- reeses-sodium-options 1.8.3+mc1.21.4
	- roughlyenoughitems 18.0.798
	   \-- error_notifier 1.0.11
	- sodium 0.6.9+mc1.21.4
	- sodium-extra 0.6.1+mc1.21.4
	- sound_physics_remastered 1.21.4-1.4.8
	- voicechat 1.21.4-2.5.26
	- waystones 21.4.7
	- xaerominimap 25.1.0
[17:26:07] [main/INFO]: SpongePowered MIXIN Subsystem Version=0.8.7 Source=file:/C:/Users/gouss/AppData/Roaming/.smp2ix/libraries/net/fabricmc/sponge-mixin/0.15.4+mixin.0.8.7/sponge-mixin-0.15.4+mixin.0.8.7.jar Service=Knot/Fabric Env=CLIENT
[17:26:07] [main/INFO]: Compatibility level set to JAVA_16
[17:26:07] [main/INFO]: Compatibility level set to JAVA_17
[17:26:07] [main/INFO]: Compatibility level set to JAVA_21
[17:26:07] [main/WARN]: Reference map 'iris.refmap.json' for mixins.iris.json could not be read. If this is a development environment you can ignore this message
[17:26:07] [main/WARN]: Reference map 'iris-fabric.refmap.json' for mixins.iris.fabric.json could not be read. If this is a development environment you can ignore this message
[17:26:07] [main/WARN]: Reference map 'iris.refmap.json' for iris-batched-entity-rendering.mixins.json could not be read. If this is a development environment you can ignore this message
[17:26:07] [main/WARN]: Reference map 'iris.refmap.json' for mixins.iris.fantastic.json could not be read. If this is a development environment you can ignore this message
[17:26:07] [main/WARN]: Reference map 'iris.refmap.json' for mixins.iris.vertexformat.json could not be read. If this is a development environment you can ignore this message
[17:26:07] [main/WARN]: Reference map 'iris.refmap.json' for mixins.iris.bettermipmaps.json could not be read. If this is a development environment you can ignore this message
[17:26:07] [main/WARN]: Reference map 'iris.refmap.json' for mixins.iris.compat.sodium.json could not be read. If this is a development environment you can ignore this message
[17:26:07] [main/WARN]: Reference map 'iris.refmap.json' for mixins.iris.fixes.maxfpscrash.json could not be read. If this is a development environment you can ignore this message
[17:26:07] [main/INFO]: Loaded configuration file for Sodium: 43 options available, 1 override(s) found
[17:26:07] [main/INFO]: Loaded configuration file for Sodium Extra: 34 options available, 0 override(s) found
[17:26:07] [main/WARN]: Force-disabling mixin 'features.render.world.sky.FogRendererMixin' as rule 'mixin.features.render.world.sky' (added by mods [iris]) disables it and children
[17:26:07] [main/WARN]: Force-disabling mixin 'features.render.world.sky.ClientLevelMixin' as rule 'mixin.features.render.world.sky' (added by mods [iris]) disables it and children
[17:26:07] [main/WARN]: Force-disabling mixin 'features.render.world.sky.LevelRendererMixin' as rule 'mixin.features.render.world.sky' (added by mods [iris]) disables it and children
[17:26:08] [main/INFO]: Searching for graphics cards...
[17:26:08] [main/INFO]: Found graphics adapter: AdapterInfo{vendor=NVIDIA, description='NVIDIA GeForce RTX 3060 Laptop GPU', adapterType=0x00000313, openglIcdFilePath='C:\Windows\System32\DriverStore\FileRepository\nvaci.inf_amd64_7de4548712d31014\nvoglv64.dll', openglIcdVersion=32.0.15.6070}
[17:26:08] [main/INFO]: Found graphics adapter: AdapterInfo{vendor=INTEL, description='Intel(R) UHD Graphics', adapterType=0x0000032B, openglIcdFilePath='C:\Windows\System32\DriverStore\FileRepository\iigd_dch.inf_amd64_2b7bcff446ea567f\ig9icd64.dll', openglIcdVersion=27.20.100.8280}
[17:26:08] [main/WARN]: Sodium has applied one or more workarounds to prevent crashes or other issues on your system: [NVIDIA_THREADED_OPTIMIZATIONS_BROKEN]
[17:26:08] [main/WARN]: This is not necessarily an issue, but it may result in certain features or optimizations being disabled. You can sometimes fix these issues by upgrading your graphics driver.
[17:26:08] [main/INFO]: Initializing MixinExtras via com.llamalad7.mixinextras.service.MixinExtrasServiceImpl(version=0.4.1).
[17:26:10] [Datafixer Bootstrap/INFO]: 243 Datafixer optimizations took 529 milliseconds
